Building DAG of jobs...
Using shell: /bin/bash
Provided cores: 1 (use --cores to define parallelism)
Rules claiming more threads will be scaled down.
Job counts:
	count	jobs
	1	all
	7	download_data
	8

[Fri Nov 13 09:57:49 2020]
rule download_data:
    output: raw_data/zipped_data/ZN9YTFN.tar
    jobid: 75
    wildcards: sample=ZN9YTFN

[Fri Nov 13 09:57:50 2020]
Finished job 75.
1 of 8 steps (12%) done

[Fri Nov 13 09:57:50 2020]
rule download_data:
    output: raw_data/zipped_data/ZLZQMEV.tar
    jobid: 58
    wildcards: sample=ZLZQMEV

[Fri Nov 13 09:57:50 2020]
Finished job 58.
2 of 8 steps (25%) done

[Fri Nov 13 09:57:50 2020]
rule download_data:
    output: raw_data/zipped_data/ZPMBHPS.tar
    jobid: 42
    wildcards: sample=ZPMBHPS

[Fri Nov 13 10:12:55 2020]
Finished job 42.
3 of 8 steps (38%) done

[Fri Nov 13 10:12:55 2020]
rule download_data:
    output: raw_data/zipped_data/ZRB0F6P.tar
    jobid: 8
    wildcards: sample=ZRB0F6P

[Fri Nov 13 10:27:06 2020]
Finished job 8.
4 of 8 steps (50%) done

[Fri Nov 13 10:27:06 2020]
rule download_data:
    output: raw_data/zipped_data/ZUL3S6O.tar
    jobid: 23
    wildcards: sample=ZUL3S6O

Terminating processes on user request, this might take some time.
[Fri Nov 13 10:30:49 2020]
Error in rule download_data:
    jobid: 23
    output: raw_data/zipped_data/ZUL3S6O.tar
    shell:
        wget -O raw_data/zipped_data/ZUL3S6O.tar http://downloads.hmpdacc.org/ihmp/t2d/genome/host/wgs/raw/ZUL3S6O_hostwgs-00.tar
        (one of the commands exited with non-zero exit code; note that snakemake uses bash strict mode!)

Removing output files of failed job download_data since they might be corrupted:
raw_data/zipped_data/ZUL3S6O.tar
Complete log: /home/hehouts/2020-iHMP-T2D/.snakemake/log/2020-11-13T095747.793848.snakemake.log
